04/02/2022 05:37:27 -- PyNaCl is not installed, voice will NOT be supported --
04/02/2022 05:37:30 -- (connection) -- bot_tp_ing est connecté au serveur. --
04/02/2022 05:37:54 -- (Sent message) -- !help -- [Lioguy] --
04/02/2022 05:37:54 -- (Sent message) -- I'm gonna help you! -- [bot_tp_ing] --
04/02/2022 05:37:54 -- (Sent message) --  -- [bot_tp_ing] --
04/02/2022 05:38:02 -- (Sent message) -- !helo -- [Lioguy] --
04/02/2022 05:38:06 -- (Sent message) -- !hello -- [Lioguy] --
04/02/2022 05:38:06 -- (Sent message) -- Hello <@741207848687632405> !, 😇  😁 -- [bot_tp_ing] --
04/02/2022 05:53:33 -- PyNaCl is not installed, voice will NOT be supported --
04/02/2022 05:53:37 -- (connection) -- bot_tp_ing est connecté au serveur. --
04/02/2022 05:57:14 -- PyNaCl is not installed, voice will NOT be supported --
04/02/2022 06:05:03 -- PyNaCl is not installed, voice will NOT be supported --
04/02/2022 06:05:07 -- (connection) -- bot_tp_ing est connecté au serveur. --
04/02/2022 06:06:15 -- PyNaCl is not installed, voice will NOT be supported --
04/02/2022 06:06:19 -- (connection) -- bot_tp_ing est connecté au serveur. --
04/02/2022 06:07:16 -- (Sent message) -- !hello -- [Lioguy] --
04/02/2022 06:07:16 -- (Sent message) -- Hello <@741207848687632405> !, 🥰  😉 -- [bot_tp_ing] --
04/02/2022 06:07:20 -- (Sent message) -- !help -- [Lioguy] --
04/02/2022 06:07:20 -- (Sent message) -- I'm gonna help you! -- [bot_tp_ing] --
04/02/2022 06:07:21 -- (Sent message) --  -- [bot_tp_ing] --
